29469064
432339678
8982991480
4373486499
4602409617
1814777365
178043076
24650281
5940797418
37416729
19420584
1586106892
15914939052
165549540
16283848156
8052311911
8865385606
477187266
74482393
558352933
54817520
8155604
4313865537
144856888
22630893
1719336450
92610353
76742399
4790548992
238578479
27608495
37928627
75711124
4189470247
106536856
781029208
141135761
6475258627
1643332954
477871128
62232155
605479478
922225368
567540035
77313664
3948094917
28642033
6146637842
49166554
677618522
51884697
230863921
9456106032
1225813945
73951398
129612936
10483096083
147122238
1346705111
8253031275
288123578
33721560
14629504
306306846
349580708
641509759
16205734
36369832
1733091461
86442725
54415478
5088730067
3501688205
8407639884
211484829
214659105
2137397466
5531909942
13013894
24548173
8799802227
585381797
17653801568
12799608
2412417648
4582066934
135619198
80139386
17249686307
16580427
30604871
106748432
20642811990
253236971
8693723426
77264800
24298076
1501762964
85565840
55033631
27092744
34339708
4447501779
107247969
9169398027
19857511
6707490
2469884663
49597524
147741916
1664435711
131461930
55100121
21982060478
26582941
1295125013
8265865
496216948
2497748242
116378709
4754477502
81275610
577880000
15251291327
9591238157
46089076
38042512
17957352
59571397
34767727
210748224
1904054012
152933690
2121601192
1064009747
3408693712
329587597
140583664
1263738493
2310689149
7932833039
2935276
2138899357
854206632
52128117
11868685357
685620975
70413716
22859926
28518893
54621684
21412795
5838253127
7873117
67564450
194968749
1944857491
2733219674
5805133508
8906699223
6840295134
76501370
57769728
113194176
1677233543
20278987161
2060538621
1459478278
276296507
41235284
33037708
11644227
83052212
111280297
15635875309
16153487476
129692510
828308481
57107667
28104562
393153137
4604758075
45558241
435280434
101905989
10609307
1154290425
2403538982
2226195014
2133013902
1592447746
122117636
267100644
19156549453
2483066211
180880219
14118202
2513962324
1...
